<?xml version="1.0" encoding="UTF-8"?>
<!-- Generated by org.testng.reporters.JUnitXMLReporter -->
<testsuite hostname="SSL247DEV004" ignored="0" name="Test 1" tests="4" failures="0" timestamp="31 May 2017 08:32:06 GMT" time="301.27" errors="0">
  <testcase name="Create_Proposal" time="92.95" classname="Sanity_Test.Admin_User"/>
  <testcase name="Edit_Account_User" time="35.924" classname="Sanity_Test.Admin_User"/>
  <testcase name="Send_Change_Password_Request_Email" time="26.743" classname="Sanity_Test.Admin_User"/>
  <testcase name="Send_Fulfillment_Email" time="30.831" classname="Sanity_Test.Admin_User"/>
</testsuite> <!-- Test 1 -->
