<?xml version="1.0" encoding="UTF-8"?>
<!-- Generated by org.testng.reporters.JUnitXMLReporter -->
<testsuite hostname="SSL247DEV004" ignored="0" name="Test 4" tests="3" failures="0" timestamp="30 May 2017 14:53:57 GMT" time="1.599" errors="0">
  <testcase name="SQL_DeleteAccount" time="0.49" classname="Sanity_Test.SQL_Queries"/>
  <testcase name="SQL_DeleteUser" time="0.315" classname="Sanity_Test.SQL_Queries"/>
  <testcase name="SQL_Certificate_Order" time="0.79" classname="Sanity_Test.SQL_Queries"/>
</testsuite> <!-- Test 4 -->
