<?xml version="1.0" encoding="UTF-8"?>
<!-- Generated by org.testng.reporters.JUnitXMLReporter -->
<testsuite hostname="SSL247DEV004" ignored="0" name="Test 3" tests="6" failures="0" timestamp="30 May 2017 14:53:55 GMT" time="137.106" errors="0">
  <testcase name="User_Registration" time="26.391" classname="Sanity_Test.New_User"/>
  <testcase name="Log_Out_New_User" time="1.823" classname="Sanity_Test.New_User"/>
  <testcase name="Get_in_Touch" time="13.069" classname="Sanity_Test.New_User"/>
  <testcase name="Ask_a_question" time="8.455" classname="Sanity_Test.New_User"/>
  <testcase name="Request_a_Bronchure" time="7.11" classname="Sanity_Test.New_User"/>
  <testcase name="Request_a_PenTest_Proposal" time="6.987" classname="Sanity_Test.New_User"/>
</testsuite> <!-- Test 3 -->
