<?xml version="1.0" encoding="UTF-8"?>
<!-- Generated by org.testng.reporters.JUnitXMLReporter -->
<testsuite hostname="SSL247DEV004" ignored="0" name="Test 1" tests="4" failures="0" timestamp="30 May 2017 10:32:45 GMT" time="301.297" errors="0">
  <testcase name="Create_Proposal" time="86.471" classname="Sanity_Test.Admin_User"/>
  <testcase name="Edit_Account_User" time="44.537" classname="Sanity_Test.Admin_User"/>
  <testcase name="Send_Change_Password_Request_Email" time="34.062" classname="Sanity_Test.Admin_User"/>
  <testcase name="Send_Fulfillment_Email" time="28.895" classname="Sanity_Test.Admin_User"/>
</testsuite> <!-- Test 1 -->
